[2022-07-08 11:32:53.216] [renderer1] [error] Unable to figure out browser width and height: Error: Unable to figure out browser width and height
    at W (vscode-file://vscode-app/snap/code/100/usr/share/code/resources/app/out/vs/workbench/workbench.desktop.main.js:86:31148)
    at w.load (vscode-file://vscode-app/snap/code/100/usr/share/code/resources/app/out/vs/workbench/workbench.desktop.main.js:1721:65457)
    at P.initLayoutState (vscode-file://vscode-app/snap/code/100/usr/share/code/resources/app/out/vs/workbench/workbench.desktop.main.js:3044:13625)
    at P.initLayout (vscode-file://vscode-app/snap/code/100/usr/share/code/resources/app/out/vs/workbench/workbench.desktop.main.js:3044:9099)
    at vscode-file://vscode-app/snap/code/100/usr/share/code/resources/app/out/vs/workbench/workbench.desktop.main.js:3044:69707
    at m.invokeFunction (vscode-file://vscode-app/snap/code/100/usr/share/code/resources/app/out/vs/workbench/workbench.desktop.main.js:599:325)
    at P.startup (vscode-file://vscode-app/snap/code/100/usr/share/code/resources/app/out/vs/workbench/workbench.desktop.main.js:3044:69538)
    at le.open (vscode-file://vscode-app/snap/code/100/usr/share/code/resources/app/out/vs/workbench/workbench.desktop.main.js:3094:53761)
    at async vscode-file://vscode-app/snap/code/100/usr/share/code/resources/app/out/bootstrap-window.js:1:3156
[2022-07-08 11:32:53.225] [renderer1] [error] Cannot read properties of undefined (reading 'runtime'): TypeError: Cannot read properties of undefined (reading 'runtime')
    at P.onWindowFocusChanged (vscode-file://vscode-app/snap/code/100/usr/share/code/resources/app/out/vs/workbench/workbench.desktop.main.js:3044:11878)
    at vscode-file://vscode-app/snap/code/100/usr/share/code/resources/app/out/vs/workbench/workbench.desktop.main.js:3044:10616
    at b.invoke (vscode-file://vscode-app/snap/code/100/usr/share/code/resources/app/out/vs/workbench/workbench.desktop.main.js:82:145)
    at r.deliver (vscode-file://vscode-app/snap/code/100/usr/share/code/resources/app/out/vs/workbench/workbench.desktop.main.js:82:2266)
    at o.fire (vscode-file://vscode-app/snap/code/100/usr/share/code/resources/app/out/vs/workbench/workbench.desktop.main.js:82:1844)
    at vscode-file://vscode-app/snap/code/100/usr/share/code/resources/app/out/vs/workbench/workbench.desktop.main.js:80:23639
    at vscode-file://vscode-app/snap/code/100/usr/share/code/resources/app/out/vs/workbench/workbench.desktop.main.js:80:23792
    at b.invoke (vscode-file://vscode-app/snap/code/100/usr/share/code/resources/app/out/vs/workbench/workbench.desktop.main.js:82:145)
    at r.deliver (vscode-file://vscode-app/snap/code/100/usr/share/code/resources/app/out/vs/workbench/workbench.desktop.main.js:82:2266)
    at o.fire (vscode-file://vscode-app/snap/code/100/usr/share/code/resources/app/out/vs/workbench/workbench.desktop.main.js:82:1844)
    at vscode-file://vscode-app/snap/code/100/usr/share/code/resources/app/out/vs/workbench/workbench.desktop.main.js:80:23451
    at b.invoke (vscode-file://vscode-app/snap/code/100/usr/share/code/resources/app/out/vs/workbench/workbench.desktop.main.js:82:145)
    at r.deliver (vscode-file://vscode-app/snap/code/100/usr/share/code/resources/app/out/vs/workbench/workbench.desktop.main.js:82:2266)
    at o.fire (vscode-file://vscode-app/snap/code/100/usr/share/code/resources/app/out/vs/workbench/workbench.desktop.main.js:82:1844)
    at vscode-file://vscode-app/snap/code/100/usr/share/code/resources/app/out/vs/workbench/workbench.desktop.main.js:80:23639
    at b.invoke (vscode-file://vscode-app/snap/code/100/usr/share/code/resources/app/out/vs/workbench/workbench.desktop.main.js:82:145)
    at r.deliver (vscode-file://vscode-app/snap/code/100/usr/share/code/resources/app/out/vs/workbench/workbench.desktop.main.js:82:2266)
    at o.fire (vscode-file://vscode-app/snap/code/100/usr/share/code/resources/app/out/vs/workbench/workbench.desktop.main.js:82:1844)
    at J (vscode-file://vscode-app/snap/code/100/usr/share/code/resources/app/out/vs/workbench/workbench.desktop.main.js:544:3415)
    at y.onResponse (vscode-file://vscode-app/snap/code/100/usr/share/code/resources/app/out/vs/workbench/workbench.desktop.main.js:544:4331)
    at y.onBuffer (vscode-file://vscode-app/snap/code/100/usr/share/code/resources/app/out/vs/workbench/workbench.desktop.main.js:544:4181)
    at vscode-file://vscode-app/snap/code/100/usr/share/code/resources/app/out/vs/workbench/workbench.desktop.main.js:544:1817
    at b.invoke (vscode-file://vscode-app/snap/code/100/usr/share/code/resources/app/out/vs/workbench/workbench.desktop.main.js:82:145)
    at r.deliver (vscode-file://vscode-app/snap/code/100/usr/share/code/resources/app/out/vs/workbench/workbench.desktop.main.js:82:2266)
    at o.fire (vscode-file://vscode-app/snap/code/100/usr/share/code/resources/app/out/vs/workbench/workbench.desktop.main.js:82:1844)
    at EventEmitter.J (vscode-file://vscode-app/snap/code/100/usr/share/code/resources/app/out/vs/workbench/workbench.desktop.main.js:80:25580)
    at EventEmitter.emit (node:events:390:28)
    at Object.onMessage (node:electron/js2c/renderer_init:81:794)
[2022-07-08 11:32:54.009] [renderer1] [error] Cannot read properties of undefined (reading 'activate'): TypeError: Cannot read properties of undefined (reading 'activate')
    at Fi.centerLayout (vscode-file://vscode-app/snap/code/100/usr/share/code/resources/app/out/vs/workbench/workbench.desktop.main.js:2935:14556)
    at P.centerEditorLayout (vscode-file://vscode-app/snap/code/100/usr/share/code/resources/app/out/vs/workbench/workbench.desktop.main.js:3044:32418)
    at P.doUpdateLayoutConfiguration (vscode-file://vscode-app/snap/code/100/usr/share/code/resources/app/out/vs/workbench/workbench.desktop.main.js:3044:12034)
    at vscode-file://vscode-app/snap/code/100/usr/share/code/resources/app/out/vs/workbench/workbench.desktop.main.js:3044:9681
    at b.invoke (vscode-file://vscode-app/snap/code/100/usr/share/code/resources/app/out/vs/workbench/workbench.desktop.main.js:82:145)
    at r.deliver (vscode-file://vscode-app/snap/code/100/usr/share/code/resources/app/out/vs/workbench/workbench.desktop.main.js:82:2266)
    at o.fire (vscode-file://vscode-app/snap/code/100/usr/share/code/resources/app/out/vs/workbench/workbench.desktop.main.js:82:1844)
    at x.triggerConfigurationChange (vscode-file://vscode-app/snap/code/100/usr/share/code/resources/app/out/vs/workbench/workbench.desktop.main.js:2685:37731)
    at x.onDefaultConfigurationChanged (vscode-file://vscode-app/snap/code/100/usr/share/code/resources/app/out/vs/workbench/workbench.desktop.main.js:2685:30073)
    at vscode-file://vscode-app/snap/code/100/usr/share/code/resources/app/out/vs/workbench/workbench.desktop.main.js:2685:16711
    at b.invoke (vscode-file://vscode-app/snap/code/100/usr/share/code/resources/app/out/vs/workbench/workbench.desktop.main.js:82:145)
    at r.deliver (vscode-file://vscode-app/snap/code/100/usr/share/code/resources/app/out/vs/workbench/workbench.desktop.main.js:82:2266)
    at o.fire (vscode-file://vscode-app/snap/code/100/usr/share/code/resources/app/out/vs/workbench/workbench.desktop.main.js:82:1844)
    at d.onDidUpdateConfiguration (vscode-file://vscode-app/snap/code/100/usr/share/code/resources/app/out/vs/workbench/workbench.desktop.main.js:627:28043)
    at d.onDidUpdateConfiguration (vscode-file://vscode-app/snap/code/100/usr/share/code/resources/app/out/vs/workbench/workbench.desktop.main.js:1338:6579)
    at vscode-file://vscode-app/snap/code/100/usr/share/code/resources/app/out/vs/workbench/workbench.desktop.main.js:627:27822
    at b.invoke (vscode-file://vscode-app/snap/code/100/usr/share/code/resources/app/out/vs/workbench/workbench.desktop.main.js:82:145)
    at r.deliver (vscode-file://vscode-app/snap/code/100/usr/share/code/resources/app/out/vs/workbench/workbench.desktop.main.js:82:2266)
    at o.fire (vscode-file://vscode-app/snap/code/100/usr/share/code/resources/app/out/vs/workbench/workbench.desktop.main.js:82:1844)
    at s.registerDefaultConfigurations (vscode-file://vscode-app/snap/code/100/usr/share/code/resources/app/out/vs/workbench/workbench.desktop.main.js:604:5086)
    at i._handler (vscode-file://vscode-app/snap/code/100/usr/share/code/resources/app/out/vs/workbench/workbench.desktop.main.js:1685:36220)
    at i._handle (vscode-file://vscode-app/snap/code/100/usr/share/code/resources/app/out/vs/workbench/workbench.desktop.main.js:1685:26450)
    at i.acceptUsers (vscode-file://vscode-app/snap/code/100/usr/share/code/resources/app/out/vs/workbench/workbench.desktop.main.js:1685:26354)
    at Function._handleExtensionPoint (vscode-file://vscode-app/snap/code/100/usr/share/code/resources/app/out/vs/workbench/workbench.desktop.main.js:3171:33373)
    at k._doHandleExtensionPoints (vscode-file://vscode-app/snap/code/100/usr/share/code/resources/app/out/vs/workbench/workbench.desktop.main.js:3171:32211)
    at k._startLocalExtensionHost (vscode-file://vscode-app/snap/code/100/usr/share/code/resources/app/out/vs/workbench/workbench.desktop.main.js:3173:11657)
    at async k._scanAndHandleExtensions (vscode-file://vscode-app/snap/code/100/usr/share/code/resources/app/out/vs/workbench/workbench.desktop.main.js:3173:10586)
    at async k._initialize (vscode-file://vscode-app/snap/code/100/usr/share/code/resources/app/out/vs/workbench/workbench.desktop.main.js:3171:23663)
[2022-07-08 11:32:54.025] [renderer1] [error] Cannot read properties of undefined (reading 'activate'): TypeError: Cannot read properties of undefined (reading 'activate')
    at Fi.centerLayout (vscode-file://vscode-app/snap/code/100/usr/share/code/resources/app/out/vs/workbench/workbench.desktop.main.js:2935:14556)
    at P.centerEditorLayout (vscode-file://vscode-app/snap/code/100/usr/share/code/resources/app/out/vs/workbench/workbench.desktop.main.js:3044:32418)
    at P.doUpdateLayoutConfiguration (vscode-file://vscode-app/snap/code/100/usr/share/code/resources/app/out/vs/workbench/workbench.desktop.main.js:3044:12034)
    at vscode-file://vscode-app/snap/code/100/usr/share/code/resources/app/out/vs/workbench/workbench.desktop.main.js:3044:9681
    at b.invoke (vscode-file://vscode-app/snap/code/100/usr/share/code/resources/app/out/vs/workbench/workbench.desktop.main.js:82:145)
    at r.deliver (vscode-file://vscode-app/snap/code/100/usr/share/code/resources/app/out/vs/workbench/workbench.desktop.main.js:82:2266)
    at o.fire (vscode-file://vscode-app/snap/code/100/usr/share/code/resources/app/out/vs/workbench/workbench.desktop.main.js:82:1844)
    at x.triggerConfigurationChange (vscode-file://vscode-app/snap/code/100/usr/share/code/resources/app/out/vs/workbench/workbench.desktop.main.js:2685:37731)
    at x.onDefaultConfigurationChanged (vscode-file://vscode-app/snap/code/100/usr/share/code/resources/app/out/vs/workbench/workbench.desktop.main.js:2685:30073)
    at vscode-file://vscode-app/snap/code/100/usr/share/code/resources/app/out/vs/workbench/workbench.desktop.main.js:2685:16711
    at b.invoke (vscode-file://vscode-app/snap/code/100/usr/share/code/resources/app/out/vs/workbench/workbench.desktop.main.js:82:145)
    at r.deliver (vscode-file://vscode-app/snap/code/100/usr/share/code/resources/app/out/vs/workbench/workbench.desktop.main.js:82:2266)
    at o.fire (vscode-file://vscode-app/snap/code/100/usr/share/code/resources/app/out/vs/workbench/workbench.desktop.main.js:82:1844)
    at d.onDidUpdateConfiguration (vscode-file://vscode-app/snap/code/100/usr/share/code/resources/app/out/vs/workbench/workbench.desktop.main.js:627:28043)
    at d.onDidUpdateConfiguration (vscode-file://vscode-app/snap/code/100/usr/share/code/resources/app/out/vs/workbench/workbench.desktop.main.js:1338:6579)
    at vscode-file://vscode-app/snap/code/100/usr/share/code/resources/app/out/vs/workbench/workbench.desktop.main.js:627:27822
    at b.invoke (vscode-file://vscode-app/snap/code/100/usr/share/code/resources/app/out/vs/workbench/workbench.desktop.main.js:82:145)
    at r.deliver (vscode-file://vscode-app/snap/code/100/usr/share/code/resources/app/out/vs/workbench/workbench.desktop.main.js:82:2266)
    at o.fire (vscode-file://vscode-app/snap/code/100/usr/share/code/resources/app/out/vs/workbench/workbench.desktop.main.js:82:1844)
    at s.registerConfigurations (vscode-file://vscode-app/snap/code/100/usr/share/code/resources/app/out/vs/workbench/workbench.desktop.main.js:604:3494)
    at i._handler (vscode-file://vscode-app/snap/code/100/usr/share/code/resources/app/out/vs/workbench/workbench.desktop.main.js:1685:38143)
    at i._handle (vscode-file://vscode-app/snap/code/100/usr/share/code/resources/app/out/vs/workbench/workbench.desktop.main.js:1685:26450)
    at i.acceptUsers (vscode-file://vscode-app/snap/code/100/usr/share/code/resources/app/out/vs/workbench/workbench.desktop.main.js:1685:26354)
    at Function._handleExtensionPoint (vscode-file://vscode-app/snap/code/100/usr/share/code/resources/app/out/vs/workbench/workbench.desktop.main.js:3171:33373)
    at k._doHandleExtensionPoints (vscode-file://vscode-app/snap/code/100/usr/share/code/resources/app/out/vs/workbench/workbench.desktop.main.js:3171:32211)
    at k._startLocalExtensionHost (vscode-file://vscode-app/snap/code/100/usr/share/code/resources/app/out/vs/workbench/workbench.desktop.main.js:3173:11657)
    at async k._scanAndHandleExtensions (vscode-file://vscode-app/snap/code/100/usr/share/code/resources/app/out/vs/workbench/workbench.desktop.main.js:3173:10586)
    at async k._initialize (vscode-file://vscode-app/snap/code/100/usr/share/code/resources/app/out/vs/workbench/workbench.desktop.main.js:3171:23663)
[2022-07-08 11:32:54.196] [renderer1] [critical] Cannot instantiate named customer: 'MainThreadUrls'
[2022-07-08 11:32:54.196] [renderer1] [critical] {}
[2022-07-08 11:32:54.197] [renderer1] [error] Cannot read properties of undefined (reading 'dispose'): TypeError: Cannot read properties of undefined (reading 'dispose')
    at Function.get cache [as cache] (vscode-file://vscode-app/snap/code/100/usr/share/code/resources/app/out/vs/workbench/workbench.desktop.main.js:1956:1682)
    at new P (vscode-file://vscode-app/snap/code/100/usr/share/code/resources/app/out/vs/workbench/workbench.desktop.main.js:1948:25756)
    at m._createInstance (vscode-file://vscode-app/snap/code/100/usr/share/code/resources/app/out/vs/workbench/workbench.desktop.main.js:599:1346)
    at m._createServiceInstance (vscode-file://vscode-app/snap/code/100/usr/share/code/resources/app/out/vs/workbench/workbench.desktop.main.js:599:3757)
    at m._createServiceInstanceWithOwner (vscode-file://vscode-app/snap/code/100/usr/share/code/resources/app/out/vs/workbench/workbench.desktop.main.js:599:3267)
    at m._createAndCacheServiceInstance (vscode-file://vscode-app/snap/code/100/usr/share/code/resources/app/out/vs/workbench/workbench.desktop.main.js:599:2942)
    at m._safeCreateAndCacheServiceInstance (vscode-file://vscode-app/snap/code/100/usr/share/code/resources/app/out/vs/workbench/workbench.desktop.main.js:599:2140)
    at m._getOrCreateServiceInstance (vscode-file://vscode-app/snap/code/100/usr/share/code/resources/app/out/vs/workbench/workbench.desktop.main.js:599:1861)
    at m._createInstance (vscode-file://vscode-app/snap/code/100/usr/share/code/resources/app/out/vs/workbench/workbench.desktop.main.js:599:947)
    at m.createInstance (vscode-file://vscode-app/snap/code/100/usr/share/code/resources/app/out/vs/workbench/workbench.desktop.main.js:599:779)
    at Is._createExtensionHostCustomers (vscode-file://vscode-app/snap/code/100/usr/share/code/resources/app/out/vs/workbench/workbench.desktop.main.js:1956:7767)
    at vscode-file://vscode-app/snap/code/100/usr/share/code/resources/app/out/vs/workbench/workbench.desktop.main.js:1956:5199
    at processTicksAndRejections (node:internal/process/task_queues:96:5)
[2022-07-08 11:32:54.219] [renderer1] [error] Cannot read properties of undefined (reading 'activate'): TypeError: Cannot read properties of undefined (reading 'activate')
    at Fi.centerLayout (vscode-file://vscode-app/snap/code/100/usr/share/code/resources/app/out/vs/workbench/workbench.desktop.main.js:2935:14556)
    at P.centerEditorLayout (vscode-file://vscode-app/snap/code/100/usr/share/code/resources/app/out/vs/workbench/workbench.desktop.main.js:3044:32418)
    at P.doUpdateLayoutConfiguration (vscode-file://vscode-app/snap/code/100/usr/share/code/resources/app/out/vs/workbench/workbench.desktop.main.js:3044:12034)
    at vscode-file://vscode-app/snap/code/100/usr/share/code/resources/app/out/vs/workbench/workbench.desktop.main.js:3044:9681
    at b.invoke (vscode-file://vscode-app/snap/code/100/usr/share/code/resources/app/out/vs/workbench/workbench.desktop.main.js:82:145)
    at r.deliver (vscode-file://vscode-app/snap/code/100/usr/share/code/resources/app/out/vs/workbench/workbench.desktop.main.js:82:2266)
    at o.fire (vscode-file://vscode-app/snap/code/100/usr/share/code/resources/app/out/vs/workbench/workbench.desktop.main.js:82:1844)
    at x.triggerConfigurationChange (vscode-file://vscode-app/snap/code/100/usr/share/code/resources/app/out/vs/workbench/workbench.desktop.main.js:2685:37731)
    at x.onDefaultConfigurationChanged (vscode-file://vscode-app/snap/code/100/usr/share/code/resources/app/out/vs/workbench/workbench.desktop.main.js:2685:30073)
    at vscode-file://vscode-app/snap/code/100/usr/share/code/resources/app/out/vs/workbench/workbench.desktop.main.js:2685:16711
    at b.invoke (vscode-file://vscode-app/snap/code/100/usr/share/code/resources/app/out/vs/workbench/workbench.desktop.main.js:82:145)
    at r.deliver (vscode-file://vscode-app/snap/code/100/usr/share/code/resources/app/out/vs/workbench/workbench.desktop.main.js:82:2266)
    at o.fire (vscode-file://vscode-app/snap/code/100/usr/share/code/resources/app/out/vs/workbench/workbench.desktop.main.js:82:1844)
    at d.onDidUpdateConfiguration (vscode-file://vscode-app/snap/code/100/usr/share/code/resources/app/out/vs/workbench/workbench.desktop.main.js:627:28043)
    at d.onDidUpdateConfiguration (vscode-file://vscode-app/snap/code/100/usr/share/code/resources/app/out/vs/workbench/workbench.desktop.main.js:1338:6579)
    at vscode-file://vscode-app/snap/code/100/usr/share/code/resources/app/out/vs/workbench/workbench.desktop.main.js:627:27822
    at b.invoke (vscode-file://vscode-app/snap/code/100/usr/share/code/resources/app/out/vs/workbench/workbench.desktop.main.js:82:145)
    at r.deliver (vscode-file://vscode-app/snap/code/100/usr/share/code/resources/app/out/vs/workbench/workbench.desktop.main.js:82:2266)
    at o.fire (vscode-file://vscode-app/snap/code/100/usr/share/code/resources/app/out/vs/workbench/workbench.desktop.main.js:82:1844)
    at s.updateConfigurations (vscode-file://vscode-app/snap/code/100/usr/share/code/resources/app/out/vs/workbench/workbench.desktop.main.js:604:4052)
    at h (vscode-file://vscode-app/snap/code/100/usr/share/code/resources/app/out/vs/workbench/workbench.desktop.main.js:732:9584)
    at h._refreshPlatformConfig (vscode-file://vscode-app/snap/code/100/usr/share/code/resources/app/out/vs/workbench/workbench.desktop.main.js:3093:7983)
    at processTicksAndRejections (node:internal/process/task_queues:96:5)
    at async h._refreshAvailableProfilesNow (vscode-file://vscode-app/snap/code/100/usr/share/code/resources/app/out/vs/workbench/workbench.desktop.main.js:3093:6769)
[2022-07-08 11:32:54.224] [renderer1] [error] Missing proxy instance MainThreadUrls: Error: Missing proxy instance MainThreadUrls
    at v.assertRegistered (vscode-file://vscode-app/snap/code/100/usr/share/code/resources/app/out/vs/workbench/workbench.desktop.main.js:1705:9901)
    at Is._createExtensionHostCustomers (vscode-file://vscode-app/snap/code/100/usr/share/code/resources/app/out/vs/workbench/workbench.desktop.main.js:1956:8265)
    at vscode-file://vscode-app/snap/code/100/usr/share/code/resources/app/out/vs/workbench/workbench.desktop.main.js:1956:5199
    at processTicksAndRejections (node:internal/process/task_queues:96:5)
[2022-07-08 11:32:54.233] [renderer1] [error] Cannot get default system shell when there is no backend for remote authority 'undefined': Error: Cannot get default system shell when there is no backend for remote authority 'undefined'
    at Object.getDefaultSystemShell (vscode-file://vscode-app/snap/code/100/usr/share/code/resources/app/out/vs/workbench/workbench.desktop.main.js:2093:2389)
    at u._getUnresolvedFallbackDefaultProfile (vscode-file://vscode-app/snap/code/100/usr/share/code/resources/app/out/vs/workbench/workbench.desktop.main.js:2088:76251)
    at u._getUnresolvedDefaultProfile (vscode-file://vscode-app/snap/code/100/usr/share/code/resources/app/out/vs/workbench/workbench.desktop.main.js:2088:75024)
    at processTicksAndRejections (node:internal/process/task_queues:96:5)
    at async u.getDefaultProfile (vscode-file://vscode-app/snap/code/100/usr/share/code/resources/app/out/vs/workbench/workbench.desktop.main.js:2088:74080)
    at async Promise.all (index 0)
    at async a._updateDefaultProfile (vscode-file://vscode-app/snap/code/100/usr/share/code/resources/app/out/vs/workbench/workbench.desktop.main.js:2088:48031)
[2022-07-08 11:32:54.423] [renderer1] [error] Cannot get default system shell when there is no backend for remote authority 'undefined': Error: Cannot get default system shell when there is no backend for remote authority 'undefined'
    at Object.getDefaultSystemShell (vscode-file://vscode-app/snap/code/100/usr/share/code/resources/app/out/vs/workbench/workbench.desktop.main.js:2093:2389)
    at u._getUnresolvedFallbackDefaultProfile (vscode-file://vscode-app/snap/code/100/usr/share/code/resources/app/out/vs/workbench/workbench.desktop.main.js:2088:76251)
    at u._getUnresolvedDefaultProfile (vscode-file://vscode-app/snap/code/100/usr/share/code/resources/app/out/vs/workbench/workbench.desktop.main.js:2088:75024)
    at async u.getDefaultProfile (vscode-file://vscode-app/snap/code/100/usr/share/code/resources/app/out/vs/workbench/workbench.desktop.main.js:2088:74080)
    at async u._refreshDefaultProfileName (vscode-file://vscode-app/snap/code/100/usr/share/code/resources/app/out/vs/workbench/workbench.desktop.main.js:2088:72945)
